<?xml version="1.0" encoding="UTF-8"?>
<testsuite name="net.tiilikainen.tc4j.ThreeDigitCardinalTest" tests="8" skipped="0" failures="0" errors="0" timestamp="2018-10-01T02:17:15" hostname="stii-3848.local" time="0.002">
  <properties/>
  <testcase name="test_getCardinalRepresentation_99" classname="net.tiilikainen.tc4j.ThreeDigitCardinalTest" time="0.0"/>
  <testcase name="test_getCardinalRepresentation_000" classname="net.tiilikainen.tc4j.ThreeDigitCardinalTest" time="0.0"/>
  <testcase name="test_getCardinalRepresentation_099" classname="net.tiilikainen.tc4j.ThreeDigitCardinalTest" time="0.0"/>
  <testcase name="test_getCardinalRepresentation_100" classname="net.tiilikainen.tc4j.ThreeDigitCardinalTest" time="0.0"/>
  <testcase name="test_getCardinalRepresentation_101" classname="net.tiilikainen.tc4j.ThreeDigitCardinalTest" time="0.0"/>
  <testcase name="test_getCardinalRepresentation_999" classname="net.tiilikainen.tc4j.ThreeDigitCardinalTest" time="0.0"/>
  <testcase name="test_ThreeDigitCardinal_9999_throwsException" classname="net.tiilikainen.tc4j.ThreeDigitCardinalTest" time="0.0"/>
  <testcase name="test_getCardinalRepresentation_0" classname="net.tiilikainen.tc4j.ThreeDigitCardinalTest" time="0.0"/>
  <system-out><![CDATA[]]></system-out>
  <system-err><![CDATA[]]></system-err>
</testsuite>
