<?xml version="1.0" encoding="UTF-8"?>
<testsuite name="net.tiilikainen.tc4j.CardinalSequenceTest" tests="12" skipped="0" failures="0" errors="0" timestamp="2018-10-01T02:17:15" hostname="stii-3848.local" time="0.009">
  <properties/>
  <testcase name="test_CardinalSequence_1000" classname="net.tiilikainen.tc4j.CardinalSequenceTest" time="0.005"/>
  <testcase name="test_CardinalSequence_1001" classname="net.tiilikainen.tc4j.CardinalSequenceTest" time="0.001"/>
  <testcase name="test_CardinalSequence_999909" classname="net.tiilikainen.tc4j.CardinalSequenceTest" time="0.0"/>
  <testcase name="test_CardinalSequence_999999" classname="net.tiilikainen.tc4j.CardinalSequenceTest" time="0.0"/>
  <testcase name="test_CardinalSequence_negative1001" classname="net.tiilikainen.tc4j.CardinalSequenceTest" time="0.0"/>
  <testcase name="test_CardinalSequence_LongMAX_VALUE" classname="net.tiilikainen.tc4j.CardinalSequenceTest" time="0.0"/>
  <testcase name="test_CardinalSequence_1000001001" classname="net.tiilikainen.tc4j.CardinalSequenceTest" time="0.0"/>
  <testcase name="test_CardinalSequence_negative999" classname="net.tiilikainen.tc4j.CardinalSequenceTest" time="0.0"/>
  <testcase name="test_CardinalSequence_negative0" classname="net.tiilikainen.tc4j.CardinalSequenceTest" time="0.0"/>
  <testcase name="test_CardinalSequence_999" classname="net.tiilikainen.tc4j.CardinalSequenceTest" time="0.0"/>
  <testcase name="test_CardinalSequence_LongMIN_VALUE" classname="net.tiilikainen.tc4j.CardinalSequenceTest" time="0.0"/>
  <testcase name="test_CardinalSequence_0" classname="net.tiilikainen.tc4j.CardinalSequenceTest" time="0.0"/>
  <system-out><![CDATA[]]></system-out>
  <system-err><![CDATA[]]></system-err>
</testsuite>
